[debug] [2025-07-23T11:54:06.621Z] ----------------------------------------------------------------------
[debug] [2025-07-23T11:54:06.623Z] Command:       C:\Program Files\nodejs\node.exe C:\Users\Anaswar\AppData\Roaming\npm\node_modules\firebase-tools\lib\bin\firebase.js init functions
[debug] [2025-07-23T11:54:06.623Z] CLI Version:   14.9.0
[debug] [2025-07-23T11:54:06.623Z] Platform:      win32
[debug] [2025-07-23T11:54:06.624Z] Node Version:  v22.17.0
[debug] [2025-07-23T11:54:06.624Z] Time:          Wed Jul 23 2025 17:24:06 GMT+0530 (India Standard Time)
[debug] [2025-07-23T11:54:06.624Z] ----------------------------------------------------------------------
[debug] 
[debug] [2025-07-23T11:54:06.626Z] >>> [apiv2][query] GET https://firebase-public.firebaseio.com/cli.json [none]
[debug] [2025-07-23T11:54:06.663Z] > command requires scopes: ["email","openid","https://www.googleapis.com/auth/cloudplatformprojects.readonly","https://www.googleapis.com/auth/firebase","https://www.googleapis.com/auth/cloud-platform"]
[debug] [2025-07-23T11:54:06.664Z] > authorizing via signed-in user (clinicapp.adm@gmail.com)
[info] 
     ######## #### ########  ######## ########     ###     ######  ########
     ##        ##  ##     ## ##       ##     ##  ##   ##  ##       ##
     ######    ##  ########  ######   ########  #########  ######  ######
     ##        ##  ##    ##  ##       ##     ## ##     ##       ## ##
     ##       #### ##     ## ######## ########  ##     ##  ######  ########

You're about to initialize a Firebase project in this directory:

  C:\Users\Anaswar\Downloads\clinic-dashboard\clinic-dashboard

[debug] [2025-07-23T11:54:07.336Z] <<< [apiv2][status] GET https://firebase-public.firebaseio.com/cli.json 200
[debug] [2025-07-23T11:54:07.336Z] <<< [apiv2][body] GET https://firebase-public.firebaseio.com/cli.json {"cloudBuildErrorAfter":1594252800000,"cloudBuildWarnAfter":1590019200000,"defaultNode10After":1594252800000,"minVersion":"3.0.5","node8DeploysDisabledAfter":1613390400000,"node8RuntimeDisabledAfter":1615809600000,"node8WarnAfter":1600128000000}
[info] 
=== Project Setup
[info] 
[info] First, let's associate this project directory with a Firebase project.
[info] You can create multiple project aliases by running firebase use --add, 
[info] but for now we'll just set up a default project.
[info] 
[debug] [2025-07-23T11:54:41.355Z] Checked if tokens are valid: false, expires at: 1751951884676
[debug] [2025-07-23T11:54:41.356Z] Checked if tokens are valid: false, expires at: 1751951884676
[debug] [2025-07-23T11:54:41.356Z] > refreshing access token with scopes: []
[debug] [2025-07-23T11:54:41.359Z] >>> [apiv2][query] POST https://www.googleapis.com/oauth2/v3/token [none]
[debug] [2025-07-23T11:54:41.359Z] >>> [apiv2][body] POST https://www.googleapis.com/oauth2/v3/token [omitted]
[debug] [2025-07-23T11:54:41.738Z] <<< [apiv2][status] POST https://www.googleapis.com/oauth2/v3/token 200
[debug] [2025-07-23T11:54:41.738Z] <<< [apiv2][body] POST https://www.googleapis.com/oauth2/v3/token [omitted]
[debug] [2025-07-23T11:54:41.785Z] >>> [apiv2][query] GET https://firebase.googleapis.com/v1beta1/projects pageSize=100
[debug] [2025-07-23T11:54:42.560Z] <<< [apiv2][status] GET https://firebase.googleapis.com/v1beta1/projects 200
[debug] [2025-07-23T11:54:42.560Z] <<< [apiv2][body] GET https://firebase.googleapis.com/v1beta1/projects [omitted]
